<?xml version="1.0" encoding="UTF-8"?>
<!-- Generated by org.testng.reporters.JUnitXMLReporter -->
<testsuite ignored="0" hostname="DESKTOP-PIRRIS" failures="9" tests="16" name="Ejemplo" time="86.233" errors="0" timestamp="2022-05-04T08:28:13 CST">
  <testcase classname="LoginTests" name="validLogin" time="1.817"/>
  <testcase classname="LoginTests" name="wrongPassword" time="1.067"/>
  <testcase classname="LoginTests" name="wrongUser" time="1.035"/>
  <testcase classname="PasswordTests" name="lettersOnlyPassword" time="1.26">
    <failure type="java.lang.AssertionError" message="did not expect [Usuario registrado] but found [Usuario registrado]">
      <![CDATA[java.lang.AssertionError: did not expect [Usuario registrado] but found [Usuario registrado]
at PasswordTests.lettersOnlyPassword(PasswordTests.java:121)
at java.base/java.util.ArrayList.forEach(ArrayList.java:1511)
at Start.main(Start.java:14)
... Removed 29 stack frames]]>
    </failure>
  </testcase> <!-- lettersOnlyPassword -->
  <testcase classname="PasswordTests" name="lowerCaseNumbersPassword" time="1.278">
    <failure type="java.lang.AssertionError" message="did not expect [Usuario registrado] but found [Usuario registrado]">
      <![CDATA[java.lang.AssertionError: did not expect [Usuario registrado] but found [Usuario registrado]
at PasswordTests.lowerCaseNumbersPassword(PasswordTests.java:103)
at java.base/java.util.ArrayList.forEach(ArrayList.java:1511)
at Start.main(Start.java:14)
... Removed 29 stack frames]]>
    </failure>
  </testcase> <!-- lowerCaseNumbersPassword -->
  <testcase classname="PasswordTests" name="numbersOnlyPassword" time="1.28">
    <failure type="java.lang.AssertionError" message="did not expect [Usuario registrado] but found [Usuario registrado]">
      <![CDATA[java.lang.AssertionError: did not expect [Usuario registrado] but found [Usuario registrado]
at PasswordTests.numbersOnlyPassword(PasswordTests.java:139)
at java.base/java.util.ArrayList.forEach(ArrayList.java:1511)
at Start.main(Start.java:14)
... Removed 29 stack frames]]>
    </failure>
  </testcase> <!-- numbersOnlyPassword -->
  <testcase classname="PasswordTests" name="passwordInvalidLength" time="1.218">
    <failure type="java.lang.AssertionError" message="did not expect [Usuario registrado] but found [Usuario registrado]">
      <![CDATA[java.lang.AssertionError: did not expect [Usuario registrado] but found [Usuario registrado]
at PasswordTests.passwordInvalidLength(PasswordTests.java:49)
at java.base/java.util.ArrayList.forEach(ArrayList.java:1511)
at Start.main(Start.java:14)
... Removed 29 stack frames]]>
    </failure>
  </testcase> <!-- passwordInvalidLength -->
  <testcase classname="PasswordTests" name="upperCaseNumbersPassword" time="1.887">
    <failure type="java.lang.AssertionError" message="did not expect [Usuario registrado] but found [Usuario registrado]">
      <![CDATA[java.lang.AssertionError: did not expect [Usuario registrado] but found [Usuario registrado]
at PasswordTests.upperCaseNumbersPassword(PasswordTests.java:85)
at java.base/java.util.ArrayList.forEach(ArrayList.java:1511)
at Start.main(Start.java:14)
... Removed 29 stack frames]]>
    </failure>
  </testcase> <!-- upperCaseNumbersPassword -->
  <testcase classname="PasswordTests" name="validPassword" time="1.343"/>
  <testcase classname="ProductTests" name="emptyProductDecription" time="2.014">
    <failure type="java.lang.AssertionError" message="did not expect [Producto registrado] but found [Producto registrado]">
      <![CDATA[java.lang.AssertionError: did not expect [Producto registrado] but found [Producto registrado]
at ProductTests.emptyProductDecription(ProductTests.java:84)
at java.base/java.util.ArrayList.forEach(ArrayList.java:1511)
at Start.main(Start.java:14)
... Removed 29 stack frames]]>
    </failure>
  </testcase> <!-- emptyProductDecription -->
  <testcase classname="ProductTests" name="emptyProductName" time="1.993">
    <failure type="java.lang.AssertionError" message="did not expect [Producto registrado] but found [Producto registrado]">
      <![CDATA[java.lang.AssertionError: did not expect [Producto registrado] but found [Producto registrado]
at ProductTests.emptyProductName(ProductTests.java:58)
at java.base/java.util.ArrayList.forEach(ArrayList.java:1511)
at Start.main(Start.java:14)
... Removed 29 stack frames]]>
    </failure>
  </testcase> <!-- emptyProductName -->
  <testcase classname="ProductTests" name="validNewProduct" time="2.779"/>
  <testcase classname="UsersLengthTest" name="emptyUserName" time="1.148">
    <failure type="java.lang.AssertionError" message="did not expect [Usuario registrado] but found [Usuario registrado]">
      <![CDATA[java.lang.AssertionError: did not expect [Usuario registrado] but found [Usuario registrado]
at UsersLengthTest.emptyUserName(UsersLengthTest.java:101)
at java.base/java.util.ArrayList.forEach(ArrayList.java:1511)
at Start.main(Start.java:14)
... Removed 29 stack frames]]>
    </failure>
  </testcase> <!-- emptyUserName -->
  <testcase classname="UsersLengthTest" name="largestUserTest" time="1.351">
    <failure type="java.lang.AssertionError" message="did not expect [Usuario registrado] but found [Usuario registrado]">
      <![CDATA[java.lang.AssertionError: did not expect [Usuario registrado] but found [Usuario registrado]
at UsersLengthTest.largestUserTest(UsersLengthTest.java:46)
at java.base/java.util.ArrayList.forEach(ArrayList.java:1511)
at Start.main(Start.java:14)
... Removed 29 stack frames]]>
    </failure>
  </testcase> <!-- largestUserTest -->
  <testcase classname="UsersLengthTest" name="valid29LengthUserName" time="1.17"/>
  <testcase classname="UsersLengthTest" name="valid30LengthUserName" time="1.346"/>
</testsuite> <!-- Ejemplo -->
