<?xml version="1.0" encoding="UTF-8"?>
<!-- Generated by org.testng.reporters.JUnitXMLReporter -->
<testsuite ignored="0" hostname="DESKTOP-PIRRIS" failures="5" tests="6" name="Passwords Test" time="20.091" errors="0" timestamp="2022-05-04T08:35:49 CST">
  <testcase classname="PasswordTests" name="lettersOnlyPassword" time="0.906">
    <failure type="java.lang.AssertionError" message="did not expect [Usuario registrado] but found [Usuario registrado]">
      <![CDATA[java.lang.AssertionError: did not expect [Usuario registrado] but found [Usuario registrado]
at PasswordTests.lettersOnlyPassword(PasswordTests.java:121)
at java.base/java.util.ArrayList.forEach(ArrayList.java:1511)
at Start.main(Start.java:14)
... Removed 29 stack frames]]>
    </failure>
  </testcase> <!-- lettersOnlyPassword -->
  <testcase classname="PasswordTests" name="lowerCaseNumbersPassword" time="0.956">
    <failure type="java.lang.AssertionError" message="did not expect [Usuario registrado] but found [Usuario registrado]">
      <![CDATA[java.lang.AssertionError: did not expect [Usuario registrado] but found [Usuario registrado]
at PasswordTests.lowerCaseNumbersPassword(PasswordTests.java:103)
at java.base/java.util.ArrayList.forEach(ArrayList.java:1511)
at Start.main(Start.java:14)
... Removed 29 stack frames]]>
    </failure>
  </testcase> <!-- lowerCaseNumbersPassword -->
  <testcase classname="PasswordTests" name="numbersOnlyPassword" time="0.943">
    <failure type="java.lang.AssertionError" message="did not expect [Usuario registrado] but found [Usuario registrado]">
      <![CDATA[java.lang.AssertionError: did not expect [Usuario registrado] but found [Usuario registrado]
at PasswordTests.numbersOnlyPassword(PasswordTests.java:139)
at java.base/java.util.ArrayList.forEach(ArrayList.java:1511)
at Start.main(Start.java:14)
... Removed 29 stack frames]]>
    </failure>
  </testcase> <!-- numbersOnlyPassword -->
  <testcase classname="PasswordTests" name="passwordInvalidLength" time="0.899">
    <failure type="java.lang.AssertionError" message="did not expect [Usuario registrado] but found [Usuario registrado]">
      <![CDATA[java.lang.AssertionError: did not expect [Usuario registrado] but found [Usuario registrado]
at PasswordTests.passwordInvalidLength(PasswordTests.java:49)
at java.base/java.util.ArrayList.forEach(ArrayList.java:1511)
at Start.main(Start.java:14)
... Removed 29 stack frames]]>
    </failure>
  </testcase> <!-- passwordInvalidLength -->
  <testcase classname="PasswordTests" name="upperCaseNumbersPassword" time="1.597">
    <failure type="java.lang.AssertionError" message="did not expect [Usuario registrado] but found [Usuario registrado]">
      <![CDATA[java.lang.AssertionError: did not expect [Usuario registrado] but found [Usuario registrado]
at PasswordTests.upperCaseNumbersPassword(PasswordTests.java:85)
at java.base/java.util.ArrayList.forEach(ArrayList.java:1511)
at Start.main(Start.java:14)
... Removed 29 stack frames]]>
    </failure>
  </testcase> <!-- upperCaseNumbersPassword -->
  <testcase classname="PasswordTests" name="validPassword" time="0.882"/>
</testsuite> <!-- Passwords Test -->
