<?xml version="1.0" encoding="UTF-8"?>
<!-- Generated by org.testng.reporters.JUnitXMLReporter -->
<testsuite ignored="0" hostname="DESKTOP-PIRRIS" failures="2" tests="3" name="Products Tests" time="11.806" errors="0" timestamp="2022-05-04T08:36:01 CST">
  <testcase classname="ProductTests" name="emptyProductDecription" time="1.422">
    <failure type="java.lang.AssertionError" message="did not expect [Producto registrado] but found [Producto registrado]">
      <![CDATA[java.lang.AssertionError: did not expect [Producto registrado] but found [Producto registrado]
at ProductTests.emptyProductDecription(ProductTests.java:84)
at java.base/java.util.ArrayList.forEach(ArrayList.java:1511)
at Start.main(Start.java:14)
... Removed 29 stack frames]]>
    </failure>
  </testcase> <!-- emptyProductDecription -->
  <testcase classname="ProductTests" name="emptyProductName" time="1.473">
    <failure type="java.lang.AssertionError" message="did not expect [Producto registrado] but found [Producto registrado]">
      <![CDATA[java.lang.AssertionError: did not expect [Producto registrado] but found [Producto registrado]
at ProductTests.emptyProductName(ProductTests.java:58)
at java.base/java.util.ArrayList.forEach(ArrayList.java:1511)
at Start.main(Start.java:14)
... Removed 29 stack frames]]>
    </failure>
  </testcase> <!-- emptyProductName -->
  <testcase classname="ProductTests" name="validNewProduct" time="1.454"/>
</testsuite> <!-- Products Tests -->
