<?xml version="1.0" encoding="UTF-8"?>
<!-- Generated by org.testng.reporters.JUnitXMLReporter -->
<testsuite ignored="0" hostname="DESKTOP-PIRRIS" failures="2" tests="4" name="Users Tests" time="14.496" errors="0" timestamp="2022-05-04T08:35:29 CST">
  <testcase classname="UsersLengthTest" name="emptyUserName" time="0.945">
    <failure type="java.lang.AssertionError" message="did not expect [Usuario registrado] but found [Usuario registrado]">
      <![CDATA[java.lang.AssertionError: did not expect [Usuario registrado] but found [Usuario registrado]
at UsersLengthTest.emptyUserName(UsersLengthTest.java:101)
at java.base/java.util.ArrayList.forEach(ArrayList.java:1511)
at Start.main(Start.java:14)
... Removed 29 stack frames]]>
    </failure>
  </testcase> <!-- emptyUserName -->
  <testcase classname="UsersLengthTest" name="largestUserTest" time="0.939">
    <failure type="java.lang.AssertionError" message="did not expect [Usuario registrado] but found [Usuario registrado]">
      <![CDATA[java.lang.AssertionError: did not expect [Usuario registrado] but found [Usuario registrado]
at UsersLengthTest.largestUserTest(UsersLengthTest.java:46)
at java.base/java.util.ArrayList.forEach(ArrayList.java:1511)
at Start.main(Start.java:14)
... Removed 29 stack frames]]>
    </failure>
  </testcase> <!-- largestUserTest -->
  <testcase classname="UsersLengthTest" name="valid29LengthUserName" time="0.929"/>
  <testcase classname="UsersLengthTest" name="valid30LengthUserName" time="0.936"/>
</testsuite> <!-- Users Tests -->
